[debug] [2024-05-21T17:45:05.157Z] ----------------------------------------------------------------------
[debug] [2024-05-21T17:45:05.160Z] Command:       C:\Program Files\nodejs\node.exe C:\Users\user1\AppData\Roaming\npm\node_modules\firebase-tools\lib\bin\firebase.js init
[debug] [2024-05-21T17:45:05.161Z] CLI Version:   13.9.0
[debug] [2024-05-21T17:45:05.161Z] Platform:      win32
[debug] [2024-05-21T17:45:05.161Z] Node Version:  v20.10.0
[debug] [2024-05-21T17:45:05.161Z] Time:          Tue May 21 2024 20:45:05 GMT+0300 (שעון ישראל (קיץ))
[debug] [2024-05-21T17:45:05.162Z] ----------------------------------------------------------------------
[debug] 
[debug] [2024-05-21T17:45:05.169Z] > command requires scopes: ["email","openid","https://www.googleapis.com/auth/cloudplatformprojects.readonly","https://www.googleapis.com/auth/firebase","https://www.googleapis.com/auth/cloud-platform"]
[debug] [2024-05-21T17:45:05.169Z] > authorizing via signed-in user (rivkitoled@gmail.com)
[info] 
     ######## #### ########  ######## ########     ###     ######  ########
     ##        ##  ##     ## ##       ##     ##  ##   ##  ##       ##
     ######    ##  ########  ######   ########  #########  ######  ######
     ##        ##  ##    ##  ##       ##     ## ##     ##       ## ##
     ##       #### ##     ## ######## ########  ##     ##  ######  ########

You're about to initialize a Firebase project in this directory:

  C:\Users\user1\Desktop\EmployeeManagmet\EmployeesManagementClient

[info] 
=== Project Setup
[info] 
[info] First, let's associate this project directory with a Firebase project.
[info] You can create multiple project aliases by running firebase use --add, 
[info] but for now we'll just set up a default project.
[info] 
[debug] [2024-05-21T17:47:19.107Z] >>> [apiv2][query] GET https://firebase.googleapis.com/v1beta1/projects pageSize=100
[debug] [2024-05-21T17:47:20.110Z] <<< [apiv2][status] GET https://firebase.googleapis.com/v1beta1/projects 200
[debug] [2024-05-21T17:47:20.111Z] <<< [apiv2][body] GET https://firebase.googleapis.com/v1beta1/projects [omitted]
[info] i  Using project employee-managmant (Employee Managmant) 
[info] 
=== Hosting Setup
[debug] [2024-05-21T17:47:22.990Z] >>> [apiv2][query] GET https://firebase.googleapis.com/v1beta1/projects/employee-managmant [none]
[debug] [2024-05-21T17:47:23.676Z] <<< [apiv2][status] GET https://firebase.googleapis.com/v1beta1/projects/employee-managmant 200
[debug] [2024-05-21T17:47:23.676Z] <<< [apiv2][body] GET https://firebase.googleapis.com/v1beta1/projects/employee-managmant {"projectId":"employee-managmant","projectNumber":"902816813156","displayName":"Employee Managmant","name":"projects/employee-managmant","resources":{"hostingSite":"employee-managmant"},"state":"ACTIVE","etag":"1_edb9a45e-62f8-4022-825b-5def9b6c252b"}
[info] 
[info] Your public directory is the folder (relative to your project directory) that
[info] will contain Hosting assets to be uploaded with firebase deploy. If you
[info] have a build process for your assets, use your build's output directory.
[info] 
[debug] [2024-05-21T17:59:29.350Z] ----------------------------------------------------------------------
[debug] [2024-05-21T17:59:29.353Z] Command:       C:\Program Files\nodejs\node.exe C:\Users\user1\AppData\Roaming\npm\node_modules\firebase-tools\lib\bin\firebase.js init
[debug] [2024-05-21T17:59:29.354Z] CLI Version:   13.9.0
[debug] [2024-05-21T17:59:29.354Z] Platform:      win32
[debug] [2024-05-21T17:59:29.354Z] Node Version:  v20.10.0
[debug] [2024-05-21T17:59:29.354Z] Time:          Tue May 21 2024 20:59:29 GMT+0300 (שעון ישראל (קיץ))
[debug] [2024-05-21T17:59:29.354Z] ----------------------------------------------------------------------
[debug] 
[debug] [2024-05-21T17:59:29.362Z] > command requires scopes: ["email","openid","https://www.googleapis.com/auth/cloudplatformprojects.readonly","https://www.googleapis.com/auth/firebase","https://www.googleapis.com/auth/cloud-platform"]
[debug] [2024-05-21T17:59:29.363Z] > authorizing via signed-in user (rivkitoled@gmail.com)
[info] 
     ######## #### ########  ######## ########     ###     ######  ########
     ##        ##  ##     ## ##       ##     ##  ##   ##  ##       ##
     ######    ##  ########  ######   ########  #########  ######  ######
     ##        ##  ##    ##  ##       ##     ## ##     ##       ## ##
     ##       #### ##     ## ######## ########  ##     ##  ######  ########

You're about to initialize a Firebase project in this directory:

  C:\Users\user1\Desktop\EmployeeManagmet\EmployeesManagementClient

[info] 
=== Project Setup
[info] 
[info] First, let's associate this project directory with a Firebase project.
[info] You can create multiple project aliases by running firebase use --add, 
[info] but for now we'll just set up a default project.
[info] 
[debug] [2024-05-21T17:59:41.963Z] >>> [apiv2][query] GET https://firebase.googleapis.com/v1beta1/projects pageSize=100
[debug] [2024-05-21T17:59:42.704Z] <<< [apiv2][status] GET https://firebase.googleapis.com/v1beta1/projects 200
[debug] [2024-05-21T17:59:42.704Z] <<< [apiv2][body] GET https://firebase.googleapis.com/v1beta1/projects [omitted]
[info] i  Using project employee-managmant (Employee Managmant) 
[info] 
=== Hosting Setup
[debug] [2024-05-21T17:59:44.007Z] >>> [apiv2][query] GET https://firebase.googleapis.com/v1beta1/projects/employee-managmant [none]
[debug] [2024-05-21T17:59:44.452Z] <<< [apiv2][status] GET https://firebase.googleapis.com/v1beta1/projects/employee-managmant 200
[debug] [2024-05-21T17:59:44.452Z] <<< [apiv2][body] GET https://firebase.googleapis.com/v1beta1/projects/employee-managmant {"projectId":"employee-managmant","projectNumber":"902816813156","displayName":"Employee Managmant","name":"projects/employee-managmant","resources":{"hostingSite":"employee-managmant"},"state":"ACTIVE","etag":"1_edb9a45e-62f8-4022-825b-5def9b6c252b"}
[info] 
[info] Your public directory is the folder (relative to your project directory) that
[info] will contain Hosting assets to be uploaded with firebase deploy. If you
[info] have a build process for your assets, use your build's output directory.
[info] 
[debug] [2024-05-21T18:00:43.548Z] >>> [apiv2][query] GET https://www.gstatic.com/firebasejs/releases.json [none]
[debug] [2024-05-21T18:00:43.801Z] <<< [apiv2][status] GET https://www.gstatic.com/firebasejs/releases.json 200
[debug] [2024-05-21T18:00:43.802Z] <<< [apiv2][body] GET https://www.gstatic.com/firebasejs/releases.json {"current":{"version":"10.12.1","browserURL":"https://www.gstatic.com/firebasejs/10.12.1/firebase.js","packageURL":"https://www.gstatic.com/firebasejs/10.12.1/firebase.tgz"},"live":{"version":"10.12","browserURL":"https://www.gstatic.com/firebasejs/live/10.12/firebase.js","packageURL":"https://www.gstatic.com/firebasejs/live/10.12/firebase.tgz"},"components":{"analytics":"https://www.gstatic.com/firebasejs/10.12.1/firebase-analytics.js","app":"https://www.gstatic.com/firebasejs/10.12.1/firebase-app.js","app-check":"https://www.gstatic.com/firebasejs/10.12.1/firebase-app-check.js","auth":"https://www.gstatic.com/firebasejs/10.12.1/firebase-auth.js","auth/cordova":"https://www.gstatic.com/firebasejs/10.12.1/firebase-auth/cordova.js","auth/web-extension":"https://www.gstatic.com/firebasejs/10.12.1/firebase-auth/web-extension.js","functions":"https://www.gstatic.com/firebasejs/10.12.1/firebase-functions.js","firestore":"https://www.gstatic.com/firebasejs/10.12.1/firebase-firestore.js","firestore/lite":"https://www.gstatic.com/firebasejs/10.12.1/firebase-firestore/lite.js","installations":"https://www.gstatic.com/firebasejs/10.12.1/firebase-installations.js","storage":"https://www.gstatic.com/firebasejs/10.12.1/firebase-storage.js","performance":"https://www.gstatic.com/firebasejs/10.12.1/firebase-performance.js","remote-config":"https://www.gstatic.com/firebasejs/10.12.1/firebase-remote-config.js","messaging":"https://www.gstatic.com/firebasejs/10.12.1/firebase-messaging.js","messaging/sw":"https://www.gstatic.com/firebasejs/10.12.1/firebase-messaging/sw.js","database":"https://www.gstatic.com/firebasejs/10.12.1/firebase-database.js","vertexai-preview":"https://www.gstatic.com/firebasejs/10.12.1/firebase-vertexai-preview.js","firestore.memory":"https://www.gstatic.com/firebasejs/10.12.1/firebase-firestore.memory.js"}}
[info] +  Wrote dist/index.html 
[info] 
[info] i  Detected a .git folder at C:\Users\user1\Desktop\EmployeeManagmet 
[info] i  Authorizing with GitHub to upload your service account to a GitHub repository's secrets store. 
[info] 
[info] Visit this URL on this device to log in:
[info] https://github.com/login/oauth/authorize?client_id=89cf50f02ac6aaed3484&state=1035620455&redirect_uri=http%3A%2F%2Flocalhost%3A9005&scope=read%3Auser%20repo%20public_repo
[info] 
[info] Waiting for authentication...
[debug] [2024-05-21T18:02:16.638Z] >>> [apiv2][query] POST https://github.com/login/oauth/access_token [none]
[debug] [2024-05-21T18:02:16.638Z] >>> [apiv2][body] POST https://github.com/login/oauth/access_token [stream]
[debug] [2024-05-21T18:02:17.077Z] <<< [apiv2][status] POST https://github.com/login/oauth/access_token 200
[debug] [2024-05-21T18:02:17.077Z] <<< [apiv2][body] POST https://github.com/login/oauth/access_token {"access_token":"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","token_type":"bearer","scope":"read:user,repo"}
[debug] [2024-05-21T18:02:17.089Z] >>> [apiv2][query] GET https://api.github.com/user [none]
[debug] [2024-05-21T18:02:17.532Z] <<< [apiv2][status] GET https://api.github.com/user 200
[debug] [2024-05-21T18:02:17.532Z] <<< [apiv2][body] GET https://api.github.com/user {"login":"rivkitoledano","id":148500305,"node_id":"U_kgDOCNnvUQ","avatar_url":"https://avatars.githubusercontent.com/u/148500305?v=4","gravatar_id":"","url":"https://api.github.com/users/rivkitoledano","html_url":"https://github.com/rivkitoledano","followers_url":"https://api.github.com/users/rivkitoledano/followers","following_url":"https://api.github.com/users/rivkitoledano/following{/other_user}","gists_url":"https://api.github.com/users/rivkitoledano/gists{/gist_id}","starred_url":"https://api.github.com/users/rivkitoledano/starred{/owner}{/repo}","subscriptions_url":"https://api.github.com/users/rivkitoledano/subscriptions","organizations_url":"https://api.github.com/users/rivkitoledano/orgs","repos_url":"https://api.github.com/users/rivkitoledano/repos","events_url":"https://api.github.com/users/rivkitoledano/events{/privacy}","received_events_url":"https://api.github.com/users/rivkitoledano/received_events","type":"User","site_admin":false,"name":"Rivki Toledano","company":"x","blog":"","location":null,"email":null,"hireable":null,"bio":null,"twitter_username":null,"public_repos":13,"public_gists":0,"followers":1,"following":0,"created_at":"2023-10-19T21:21:59Z","updated_at":"2024-05-13T15:50:53Z","private_gists":0,"total_private_repos":1,"owned_private_repos":1,"disk_usage":116977,"collaborators":0,"two_factor_authentication":false,"plan":{"name":"free","space":976562499,"collaborators":0,"private_repos":10000}}
[info] 
[info] +  Success! Logged into GitHub as rivkitoledano 
[info] 
[debug] [2024-05-21T18:04:37.048Z] >>> [apiv2][query] GET https://api.github.com/repos/rivkitoledano/employeeManagmant/actions/secrets/public-key type=owner
[debug] [2024-05-21T18:04:37.506Z] <<< [apiv2][status] GET https://api.github.com/repos/rivkitoledano/employeeManagmant/actions/secrets/public-key 404
[debug] [2024-05-21T18:04:37.507Z] <<< [apiv2][body] GET https://api.github.com/repos/rivkitoledano/employeeManagmant/actions/secrets/public-key {"message":"Not Found","documentation_url":"https://docs.github.com/rest/actions/secrets#get-a-repository-public-key"}
[info] 
[info] 
[error] !  The provided authorization cannot be used with this repository. If this repository is in an organization, did you remember to grant access? 
[info] 
[info] i  Action required: Visit this URL to ensure access has been granted to the appropriate organization(s) for the Firebase CLI GitHub OAuth App: 
[info] https://github.com/settings/connections/applications/89cf50f02ac6aaed3484
[info] 
[debug] [2024-05-21T18:04:44.577Z] >>> [apiv2][query] GET https://api.github.com/repos/rivkitoledano/employeeManagmant/actions/secrets/public-key type=owner
[debug] [2024-05-21T18:04:45.104Z] <<< [apiv2][status] GET https://api.github.com/repos/rivkitoledano/employeeManagmant/actions/secrets/public-key 404
[debug] [2024-05-21T18:04:45.105Z] <<< [apiv2][body] GET https://api.github.com/repos/rivkitoledano/employeeManagmant/actions/secrets/public-key {"message":"Not Found","documentation_url":"https://docs.github.com/rest/actions/secrets#get-a-repository-public-key"}
[info] 
[info] 
[error] !  The provided authorization cannot be used with this repository. If this repository is in an organization, did you remember to grant access? 
[info] 
[info] i  Action required: Visit this URL to ensure access has been granted to the appropriate organization(s) for the Firebase CLI GitHub OAuth App: 
[info] https://github.com/settings/connections/applications/89cf50f02ac6aaed3484
[info] 
